<?xml version="1.0" encoding="UTF-8"?>
<testsuite name="BoardTest" tests="2" skipped="0" failures="0" errors="0" timestamp="2023-06-14T10:00:00" hostname="HP400PD" time="0.02">
  <properties/>
  <testcase name="CheckLengthYpositionTest()" classname="BoardTest" time="0.018"/>
  <testcase name="CheckLengthXpositionTest()" classname="BoardTest" time="0.001"/>
  <system-out><![CDATA[]]></system-out>
  <system-err><![CDATA[]]></system-err>
</testsuite>
